[2026-02-27T20:37:35.078Z] system | SERVER | Сервер запущен vv0.7.7
[2026-02-27T20:47:21.261Z] system | SERVER | Запуск vv0.7.8
[2026-02-27T20:59:48.249Z] system | SERVER | Запуск vv0.7.9 с политикой и телефоном
[2026-02-27T21:00:55.792Z] delete_post | Dane4ka5 | Пост 2
[2026-02-27T21:00:58.835Z] delete_post | Dane4ka5 | Пост 1
[2026-02-27T21:01:00.716Z] delete_post | Dane4ka5 | Пост 3
[2026-02-27T21:01:40.214Z] add_post | Dane4ka5 | Релиз Nanogram скоро!
[2026-02-27T21:09:47.602Z] system | SERVER | Запуск vv0.7.9 с политикой и телефоном
[2026-02-27T21:17:28.885Z] system | SERVER | Запуск vv0.7.9 с политикой и телефоном
[2026-03-01T08:19:32.859Z] system | SERVER | Запуск vv0.8.0 с полной синхронизацией
[2026-03-01T08:23:03.790Z] register | TestUser | Новый пользователь с телефоном +79991234567
[2026-03-01T08:23:04.816Z] message | TestUser | Сообщение к TestUser
[2026-03-01T08:26:08.713Z] disconnect | TestUser | Отключение
[2026-03-01T10:04:15.308Z] system | SERVER | Запуск vv0.8.2 с донатами и премиумом
[2026-03-01T10:22:33.860Z] system | SERVER | Запуск vv0.8.2 с донатами и премиумом
[2026-03-07T14:04:38.500Z] system | SERVER | Запуск vv0.9.1 с активностью
[2026-03-07T19:14:15.659Z] system | SERVER | Запуск v0.10.1
[2026-03-07T19:16:09.131Z] system | SERVER | Запуск v0.10.1
[2026-03-07T20:04:25.477Z] system | SERVER | Запуск v0.10.1
[2026-03-08T09:31:45.137Z] system | SERVER | Запуск v0.10.3
